{"level":"info","message":"Order status update consumer initialized","timestamp":"2025-07-15T18:08:58.354Z"}
{"level":"info","message":"Waiting for order status update requests","timestamp":"2025-07-15T18:08:58.358Z"}
{"level":"info","message":"Order cancellation status update consumer initialized","timestamp":"2025-07-15T18:08:58.382Z"}
{"level":"info","message":"Waiting for order cancellation status update requests","timestamp":"2025-07-15T18:08:58.383Z"}
{"level":"info","message":"Order deletion consumer initialized","timestamp":"2025-07-15T18:08:58.428Z"}
{"level":"info","message":"Waiting for order deletion requests","timestamp":"2025-07-15T18:08:58.429Z"}
{"level":"info","message":"User verification consumer initialized","timestamp":"2025-07-15T18:08:58.465Z"}
{"level":"info","message":"Waiting for user verification requests","timestamp":"2025-07-15T18:08:58.466Z"}
{"level":"info","message":"Order update consumer initialized","timestamp":"2025-07-15T18:08:58.495Z"}
{"level":"info","message":"Waiting for order update requests","timestamp":"2025-07-15T18:08:58.496Z"}
{"level":"info","message":"Order cancellation status update consumer initialized","timestamp":"2025-07-15T18:50:58.208Z"}
{"level":"info","message":"Waiting for order cancellation status update requests","timestamp":"2025-07-15T18:50:58.211Z"}
{"level":"info","message":"Order status update consumer initialized","timestamp":"2025-07-15T18:50:58.280Z"}
{"level":"info","message":"Waiting for order status update requests","timestamp":"2025-07-15T18:50:58.281Z"}
{"level":"info","message":"User verification consumer initialized","timestamp":"2025-07-15T18:50:58.282Z"}
{"level":"info","message":"Waiting for user verification requests","timestamp":"2025-07-15T18:50:58.282Z"}
{"level":"info","message":"Order update consumer initialized","timestamp":"2025-07-15T18:50:58.351Z"}
{"level":"info","message":"Waiting for order update requests","timestamp":"2025-07-15T18:50:58.351Z"}
{"level":"info","message":"Order deletion consumer initialized","timestamp":"2025-07-15T18:50:58.352Z"}
{"level":"info","message":"Waiting for order deletion requests","timestamp":"2025-07-15T18:50:58.353Z"}
{"level":"info","message":"Order cancellation status update consumer initialized","timestamp":"2025-07-15T18:51:06.798Z"}
{"level":"info","message":"Waiting for order cancellation status update requests","timestamp":"2025-07-15T18:51:06.801Z"}
{"level":"info","message":"Order deletion consumer initialized","timestamp":"2025-07-15T18:51:06.834Z"}
{"level":"info","message":"Waiting for order deletion requests","timestamp":"2025-07-15T18:51:06.834Z"}
{"level":"info","message":"User verification consumer initialized","timestamp":"2025-07-15T18:51:06.865Z"}
{"level":"info","message":"Waiting for user verification requests","timestamp":"2025-07-15T18:51:06.865Z"}
{"level":"info","message":"Order status update consumer initialized","timestamp":"2025-07-15T18:51:06.885Z"}
{"level":"info","message":"Waiting for order status update requests","timestamp":"2025-07-15T18:51:06.885Z"}
{"level":"info","message":"Order update consumer initialized","timestamp":"2025-07-15T18:51:06.913Z"}
{"level":"info","message":"Waiting for order update requests","timestamp":"2025-07-15T18:51:06.913Z"}
{"level":"info","message":"Order deletion consumer initialized","timestamp":"2025-07-15T18:51:37.743Z"}
{"level":"info","message":"Waiting for order deletion requests","timestamp":"2025-07-15T18:51:37.746Z"}
{"level":"info","message":"Order cancellation status update consumer initialized","timestamp":"2025-07-15T18:51:37.748Z"}
{"level":"info","message":"Waiting for order cancellation status update requests","timestamp":"2025-07-15T18:51:37.749Z"}
{"level":"info","message":"Order status update consumer initialized","timestamp":"2025-07-15T18:51:37.789Z"}
{"level":"info","message":"Waiting for order status update requests","timestamp":"2025-07-15T18:51:37.790Z"}
{"level":"info","message":"Order update consumer initialized","timestamp":"2025-07-15T18:51:37.821Z"}
{"level":"info","message":"Waiting for order update requests","timestamp":"2025-07-15T18:51:37.821Z"}
{"level":"info","message":"User verification consumer initialized","timestamp":"2025-07-15T18:51:37.826Z"}
{"level":"info","message":"Waiting for user verification requests","timestamp":"2025-07-15T18:51:37.826Z"}
{"level":"info","message":"Order cancellation status update consumer initialized","timestamp":"2025-07-15T18:52:14.362Z"}
{"level":"info","message":"Waiting for order cancellation status update requests","timestamp":"2025-07-15T18:52:14.366Z"}
{"level":"info","message":"Order status update consumer initialized","timestamp":"2025-07-15T18:52:14.368Z"}
{"level":"info","message":"Waiting for order status update requests","timestamp":"2025-07-15T18:52:14.368Z"}
{"level":"info","message":"Order deletion consumer initialized","timestamp":"2025-07-15T18:52:14.379Z"}
{"level":"info","message":"Waiting for order deletion requests","timestamp":"2025-07-15T18:52:14.379Z"}
{"level":"info","message":"Order update consumer initialized","timestamp":"2025-07-15T18:52:14.427Z"}
{"level":"info","message":"Waiting for order update requests","timestamp":"2025-07-15T18:52:14.427Z"}
{"level":"info","message":"User verification consumer initialized","timestamp":"2025-07-15T18:52:14.428Z"}
{"level":"info","message":"Waiting for user verification requests","timestamp":"2025-07-15T18:52:14.428Z"}
{"level":"info","message":"User verification consumer initialized","timestamp":"2025-07-15T18:52:18.692Z"}
{"level":"info","message":"Waiting for user verification requests","timestamp":"2025-07-15T18:52:18.695Z"}
{"level":"info","message":"Order status update consumer initialized","timestamp":"2025-07-15T18:52:18.748Z"}
{"level":"info","message":"Waiting for order status update requests","timestamp":"2025-07-15T18:52:18.749Z"}
{"level":"info","message":"Order cancellation status update consumer initialized","timestamp":"2025-07-15T18:52:18.755Z"}
{"level":"info","message":"Waiting for order cancellation status update requests","timestamp":"2025-07-15T18:52:18.755Z"}
{"level":"info","message":"Order update consumer initialized","timestamp":"2025-07-15T18:52:18.811Z"}
{"level":"info","message":"Waiting for order update requests","timestamp":"2025-07-15T18:52:18.812Z"}
{"level":"info","message":"Order deletion consumer initialized","timestamp":"2025-07-15T18:52:18.812Z"}
{"level":"info","message":"Waiting for order deletion requests","timestamp":"2025-07-15T18:52:18.813Z"}
{"level":"info","message":"Order status update consumer initialized","timestamp":"2025-07-15T18:52:27.536Z"}
{"level":"info","message":"Waiting for order status update requests","timestamp":"2025-07-15T18:52:27.540Z"}
{"level":"info","message":"User verification consumer initialized","timestamp":"2025-07-15T18:52:27.542Z"}
{"level":"info","message":"Waiting for user verification requests","timestamp":"2025-07-15T18:52:27.543Z"}
{"level":"info","message":"Order update consumer initialized","timestamp":"2025-07-15T18:52:27.605Z"}
{"level":"info","message":"Waiting for order update requests","timestamp":"2025-07-15T18:52:27.606Z"}
{"level":"info","message":"Order deletion consumer initialized","timestamp":"2025-07-15T18:52:27.607Z"}
{"level":"info","message":"Waiting for order deletion requests","timestamp":"2025-07-15T18:52:27.608Z"}
{"level":"info","message":"Order cancellation status update consumer initialized","timestamp":"2025-07-15T18:52:27.630Z"}
{"level":"info","message":"Waiting for order cancellation status update requests","timestamp":"2025-07-15T18:52:27.630Z"}
{"level":"info","message":"Order update consumer initialized","timestamp":"2025-07-15T18:52:35.852Z"}
{"level":"info","message":"Waiting for order update requests","timestamp":"2025-07-15T18:52:35.855Z"}
{"level":"info","message":"Order status update consumer initialized","timestamp":"2025-07-15T18:52:35.892Z"}
{"level":"info","message":"Waiting for order status update requests","timestamp":"2025-07-15T18:52:35.893Z"}
{"level":"info","message":"User verification consumer initialized","timestamp":"2025-07-15T18:52:35.894Z"}
{"level":"info","message":"Waiting for user verification requests","timestamp":"2025-07-15T18:52:35.894Z"}
{"level":"info","message":"Order cancellation status update consumer initialized","timestamp":"2025-07-15T18:52:35.898Z"}
{"level":"info","message":"Waiting for order cancellation status update requests","timestamp":"2025-07-15T18:52:35.899Z"}
{"level":"info","message":"Order deletion consumer initialized","timestamp":"2025-07-15T18:52:35.936Z"}
{"level":"info","message":"Waiting for order deletion requests","timestamp":"2025-07-15T18:52:35.936Z"}
{"level":"info","message":"Order deletion consumer initialized","timestamp":"2025-07-15T18:53:24.506Z"}
{"level":"info","message":"Waiting for order deletion requests","timestamp":"2025-07-15T18:53:24.509Z"}
{"level":"info","message":"Order cancellation status update consumer initialized","timestamp":"2025-07-15T18:53:24.533Z"}
{"level":"info","message":"Waiting for order cancellation status update requests","timestamp":"2025-07-15T18:53:24.533Z"}
{"level":"info","message":"User verification consumer initialized","timestamp":"2025-07-15T18:53:24.553Z"}
{"level":"info","message":"Waiting for user verification requests","timestamp":"2025-07-15T18:53:24.554Z"}
{"level":"info","message":"Order update consumer initialized","timestamp":"2025-07-15T18:53:24.558Z"}
{"level":"info","message":"Waiting for order update requests","timestamp":"2025-07-15T18:53:24.558Z"}
{"level":"info","message":"Order status update consumer initialized","timestamp":"2025-07-15T18:53:24.613Z"}
{"level":"info","message":"Waiting for order status update requests","timestamp":"2025-07-15T18:53:24.613Z"}
{"level":"info","message":"Order update consumer initialized","timestamp":"2025-07-15T18:53:43.714Z"}
{"level":"info","message":"Waiting for order update requests","timestamp":"2025-07-15T18:53:43.718Z"}
{"level":"info","message":"Order cancellation status update consumer initialized","timestamp":"2025-07-15T18:53:43.719Z"}
{"level":"info","message":"Waiting for order cancellation status update requests","timestamp":"2025-07-15T18:53:43.719Z"}
{"level":"info","message":"Order status update consumer initialized","timestamp":"2025-07-15T18:53:43.794Z"}
{"level":"info","message":"Waiting for order status update requests","timestamp":"2025-07-15T18:53:43.794Z"}
{"level":"info","message":"User verification consumer initialized","timestamp":"2025-07-15T18:53:43.795Z"}
{"level":"info","message":"Waiting for user verification requests","timestamp":"2025-07-15T18:53:43.795Z"}
{"level":"info","message":"Order deletion consumer initialized","timestamp":"2025-07-15T18:53:43.871Z"}
{"level":"info","message":"Waiting for order deletion requests","timestamp":"2025-07-15T18:53:43.871Z"}
{"level":"info","message":"Order deletion consumer initialized","timestamp":"2025-07-15T18:53:50.410Z"}
{"level":"info","message":"Waiting for order deletion requests","timestamp":"2025-07-15T18:53:50.413Z"}
{"level":"info","message":"Order status update consumer initialized","timestamp":"2025-07-15T18:53:50.414Z"}
{"level":"info","message":"Waiting for order status update requests","timestamp":"2025-07-15T18:53:50.415Z"}
{"level":"info","message":"Order update consumer initialized","timestamp":"2025-07-15T18:53:50.431Z"}
{"level":"info","message":"Waiting for order update requests","timestamp":"2025-07-15T18:53:50.432Z"}
{"level":"info","message":"User verification consumer initialized","timestamp":"2025-07-15T18:53:50.445Z"}
{"level":"info","message":"Waiting for user verification requests","timestamp":"2025-07-15T18:53:50.445Z"}
{"level":"info","message":"Order cancellation status update consumer initialized","timestamp":"2025-07-15T18:53:50.507Z"}
{"level":"info","message":"Waiting for order cancellation status update requests","timestamp":"2025-07-15T18:53:50.508Z"}
{"level":"info","message":"User verification consumer initialized","timestamp":"2025-07-15T18:57:26.611Z"}
{"level":"info","message":"Waiting for user verification requests","timestamp":"2025-07-15T18:57:26.614Z"}
{"level":"info","message":"Order update consumer initialized","timestamp":"2025-07-15T18:57:26.615Z"}
{"level":"info","message":"Waiting for order update requests","timestamp":"2025-07-15T18:57:26.615Z"}
{"level":"info","message":"Order deletion consumer initialized","timestamp":"2025-07-15T18:57:26.740Z"}
{"level":"info","message":"Waiting for order deletion requests","timestamp":"2025-07-15T18:57:26.740Z"}
{"level":"info","message":"Order cancellation status update consumer initialized","timestamp":"2025-07-15T18:57:26.741Z"}
{"level":"info","message":"Waiting for order cancellation status update requests","timestamp":"2025-07-15T18:57:26.741Z"}
{"level":"info","message":"Order status update consumer initialized","timestamp":"2025-07-15T18:57:26.742Z"}
{"level":"info","message":"Waiting for order status update requests","timestamp":"2025-07-15T18:57:26.742Z"}
{"level":"info","message":"Order deletion consumer initialized","timestamp":"2025-07-15T18:57:39.910Z"}
{"level":"info","message":"Waiting for order deletion requests","timestamp":"2025-07-15T18:57:39.913Z"}
{"level":"info","message":"Order update consumer initialized","timestamp":"2025-07-15T18:57:39.945Z"}
{"level":"info","message":"Waiting for order update requests","timestamp":"2025-07-15T18:57:39.945Z"}
{"level":"info","message":"Order status update consumer initialized","timestamp":"2025-07-15T18:57:39.946Z"}
{"level":"info","message":"Waiting for order status update requests","timestamp":"2025-07-15T18:57:39.947Z"}
{"level":"info","message":"Order cancellation status update consumer initialized","timestamp":"2025-07-15T18:57:39.983Z"}
{"level":"info","message":"Waiting for order cancellation status update requests","timestamp":"2025-07-15T18:57:39.983Z"}
{"level":"info","message":"User verification consumer initialized","timestamp":"2025-07-15T18:57:40.001Z"}
{"level":"info","message":"Waiting for user verification requests","timestamp":"2025-07-15T18:57:40.002Z"}
{"level":"info","message":"Order deletion consumer initialized","timestamp":"2025-07-15T19:01:46.598Z"}
{"level":"info","message":"Waiting for order deletion requests","timestamp":"2025-07-15T19:01:46.601Z"}
{"level":"info","message":"Order status update consumer initialized","timestamp":"2025-07-15T19:01:46.607Z"}
{"level":"info","message":"Waiting for order status update requests","timestamp":"2025-07-15T19:01:46.607Z"}
{"level":"info","message":"User verification consumer initialized","timestamp":"2025-07-15T19:01:47.006Z"}
{"level":"info","message":"Waiting for user verification requests","timestamp":"2025-07-15T19:01:47.006Z"}
{"level":"info","message":"Order cancellation status update consumer initialized","timestamp":"2025-07-15T19:01:47.009Z"}
{"level":"info","message":"Waiting for order cancellation status update requests","timestamp":"2025-07-15T19:01:47.009Z"}
{"level":"info","message":"Order update consumer initialized","timestamp":"2025-07-15T19:01:47.010Z"}
{"level":"info","message":"Waiting for order update requests","timestamp":"2025-07-15T19:01:47.010Z"}
{"level":"info","message":"Order status update consumer initialized","timestamp":"2025-07-15T19:02:04.727Z"}
{"level":"info","message":"Waiting for order status update requests","timestamp":"2025-07-15T19:02:04.730Z"}
{"level":"info","message":"Order cancellation status update consumer initialized","timestamp":"2025-07-15T19:02:04.767Z"}
{"level":"info","message":"Waiting for order cancellation status update requests","timestamp":"2025-07-15T19:02:04.768Z"}
{"level":"info","message":"Order update consumer initialized","timestamp":"2025-07-15T19:02:04.795Z"}
{"level":"info","message":"Waiting for order update requests","timestamp":"2025-07-15T19:02:04.796Z"}
{"level":"info","message":"Order deletion consumer initialized","timestamp":"2025-07-15T19:02:04.839Z"}
{"level":"info","message":"Waiting for order deletion requests","timestamp":"2025-07-15T19:02:04.839Z"}
{"level":"info","message":"User verification consumer initialized","timestamp":"2025-07-15T19:02:04.887Z"}
{"level":"info","message":"Waiting for user verification requests","timestamp":"2025-07-15T19:02:04.888Z"}
{"level":"info","message":"Order status update consumer initialized","timestamp":"2025-07-15T19:02:14.457Z"}
{"level":"info","message":"Waiting for order status update requests","timestamp":"2025-07-15T19:02:14.461Z"}
{"level":"info","message":"Order cancellation status update consumer initialized","timestamp":"2025-07-15T19:02:14.546Z"}
{"level":"info","message":"Waiting for order cancellation status update requests","timestamp":"2025-07-15T19:02:14.547Z"}
{"level":"info","message":"User verification consumer initialized","timestamp":"2025-07-15T19:02:14.590Z"}
{"level":"info","message":"Waiting for user verification requests","timestamp":"2025-07-15T19:02:14.590Z"}
{"level":"info","message":"Order deletion consumer initialized","timestamp":"2025-07-15T19:02:14.613Z"}
{"level":"info","message":"Waiting for order deletion requests","timestamp":"2025-07-15T19:02:14.614Z"}
{"level":"info","message":"Order update consumer initialized","timestamp":"2025-07-15T19:02:14.649Z"}
{"level":"info","message":"Waiting for order update requests","timestamp":"2025-07-15T19:02:14.650Z"}
{"level":"info","message":"User verification consumer initialized","timestamp":"2025-07-15T19:02:22.493Z"}
{"level":"info","message":"Waiting for user verification requests","timestamp":"2025-07-15T19:02:22.496Z"}
{"level":"info","message":"Order deletion consumer initialized","timestamp":"2025-07-15T19:02:22.505Z"}
{"level":"info","message":"Waiting for order deletion requests","timestamp":"2025-07-15T19:02:22.505Z"}
{"level":"info","message":"Order update consumer initialized","timestamp":"2025-07-15T19:02:22.507Z"}
{"level":"info","message":"Waiting for order update requests","timestamp":"2025-07-15T19:02:22.507Z"}
{"level":"info","message":"Order cancellation status update consumer initialized","timestamp":"2025-07-15T19:02:22.509Z"}
{"level":"info","message":"Waiting for order cancellation status update requests","timestamp":"2025-07-15T19:02:22.509Z"}
{"level":"info","message":"Order status update consumer initialized","timestamp":"2025-07-15T19:02:22.567Z"}
{"level":"info","message":"Waiting for order status update requests","timestamp":"2025-07-15T19:02:22.567Z"}
{"level":"info","message":"Order update consumer initialized","timestamp":"2025-07-15T19:02:26.307Z"}
{"level":"info","message":"Waiting for order update requests","timestamp":"2025-07-15T19:02:26.310Z"}
{"level":"info","message":"Order cancellation status update consumer initialized","timestamp":"2025-07-15T19:02:26.400Z"}
{"level":"info","message":"Waiting for order cancellation status update requests","timestamp":"2025-07-15T19:02:26.401Z"}
{"level":"info","message":"Order deletion consumer initialized","timestamp":"2025-07-15T19:02:26.401Z"}
{"level":"info","message":"Waiting for order deletion requests","timestamp":"2025-07-15T19:02:26.402Z"}
{"level":"info","message":"User verification consumer initialized","timestamp":"2025-07-15T19:02:26.486Z"}
{"level":"info","message":"Waiting for user verification requests","timestamp":"2025-07-15T19:02:26.487Z"}
{"level":"info","message":"Order status update consumer initialized","timestamp":"2025-07-15T19:02:26.528Z"}
{"level":"info","message":"Waiting for order status update requests","timestamp":"2025-07-15T19:02:26.529Z"}
{"level":"info","message":"Order update consumer initialized","timestamp":"2025-07-15T19:03:04.187Z"}
{"level":"info","message":"Waiting for order update requests","timestamp":"2025-07-15T19:03:04.189Z"}
{"level":"info","message":"Order deletion consumer initialized","timestamp":"2025-07-15T19:03:04.208Z"}
{"level":"info","message":"Waiting for order deletion requests","timestamp":"2025-07-15T19:03:04.209Z"}
{"level":"info","message":"Order status update consumer initialized","timestamp":"2025-07-15T19:03:04.254Z"}
{"level":"info","message":"Waiting for order status update requests","timestamp":"2025-07-15T19:03:04.254Z"}
{"level":"info","message":"User verification consumer initialized","timestamp":"2025-07-15T19:03:04.275Z"}
{"level":"info","message":"Waiting for user verification requests","timestamp":"2025-07-15T19:03:04.276Z"}
{"level":"info","message":"Order cancellation status update consumer initialized","timestamp":"2025-07-15T19:03:04.277Z"}
{"level":"info","message":"Waiting for order cancellation status update requests","timestamp":"2025-07-15T19:03:04.277Z"}
{"level":"info","message":"Order update consumer initialized","timestamp":"2025-07-15T19:03:37.310Z"}
{"level":"info","message":"Waiting for order update requests","timestamp":"2025-07-15T19:03:37.313Z"}
{"level":"info","message":"User verification consumer initialized","timestamp":"2025-07-15T19:03:37.366Z"}
{"level":"info","message":"Waiting for user verification requests","timestamp":"2025-07-15T19:03:37.367Z"}
{"level":"info","message":"Order deletion consumer initialized","timestamp":"2025-07-15T19:03:37.368Z"}
{"level":"info","message":"Waiting for order deletion requests","timestamp":"2025-07-15T19:03:37.368Z"}
{"level":"info","message":"Order cancellation status update consumer initialized","timestamp":"2025-07-15T19:03:37.417Z"}
{"level":"info","message":"Waiting for order cancellation status update requests","timestamp":"2025-07-15T19:03:37.418Z"}
{"level":"info","message":"Order status update consumer initialized","timestamp":"2025-07-15T19:03:37.478Z"}
{"level":"info","message":"Waiting for order status update requests","timestamp":"2025-07-15T19:03:37.479Z"}
{"correlationId":"ae0fd415-3911-4a3b-9987-cf04ee86e732","error":"async is not defined","level":"error","message":"Error processing order cancellation status update","timestamp":"2025-07-15T19:03:43.992Z"}
{"correlationId":"c48b4ae4-0389-4069-b8c6-5af249e7f51d","error":"async is not defined","level":"error","message":"Error processing order cancellation status update","timestamp":"2025-07-15T19:03:58.657Z"}
{"correlationId":"eb773439-3734-40dc-ab15-7a6f8d3b4c9e","error":"async is not defined","level":"error","message":"Error processing order cancellation status update","timestamp":"2025-07-15T19:04:10.109Z"}
{"level":"info","message":"User verification consumer initialized","timestamp":"2025-07-15T19:07:37.082Z"}
{"level":"info","message":"Waiting for user verification requests","timestamp":"2025-07-15T19:07:37.086Z"}
{"level":"info","message":"Order update consumer initialized","timestamp":"2025-07-15T19:07:37.087Z"}
{"level":"info","message":"Waiting for order update requests","timestamp":"2025-07-15T19:07:37.087Z"}
{"level":"info","message":"Order status update consumer initialized","timestamp":"2025-07-15T19:07:37.088Z"}
{"level":"info","message":"Waiting for order status update requests","timestamp":"2025-07-15T19:07:37.089Z"}
{"level":"info","message":"Order cancellation status update consumer initialized","timestamp":"2025-07-15T19:07:37.122Z"}
{"level":"info","message":"Waiting for order cancellation status update requests","timestamp":"2025-07-15T19:07:37.123Z"}
{"level":"info","message":"Order deletion consumer initialized","timestamp":"2025-07-15T19:07:37.168Z"}
{"level":"info","message":"Waiting for order deletion requests","timestamp":"2025-07-15T19:07:37.169Z"}
{"correlationId":"2981475f-c1d0-4e41-9556-5bf8a46489b8","level":"info","message":"Sending order cancellation status update response","response":{"message":"Order cancellation status updated in user database","success":true},"timestamp":"2025-07-15T19:07:54.280Z"}
{"correlationId":"f99770a2-ee6d-4a04-b7b1-ccc92371c006","level":"info","message":"Sending order cancellation status update response","response":{"message":"Order cancellation status updated in user database","success":true},"timestamp":"2025-07-15T19:08:13.359Z"}
{"correlationId":"15401ade-2b38-478b-90c8-6cb8e1c33772","level":"info","message":"Sending order cancellation status update response","response":{"message":"Order cancellation status updated in user database","success":true},"timestamp":"2025-07-15T19:20:23.444Z"}
{"correlationId":"7e1d7317-f3a8-4dcf-8e86-17e191de27d7","level":"info","message":"Sending order cancellation status update response","response":{"message":"Order cancellation status updated in user database","success":true},"timestamp":"2025-07-15T19:32:21.184Z"}
{"level":"info","message":"Order deletion consumer initialized","timestamp":"2025-07-15T19:54:44.722Z"}
{"level":"info","message":"Waiting for order deletion requests","timestamp":"2025-07-15T19:54:44.725Z"}
{"level":"info","message":"Order update consumer initialized","timestamp":"2025-07-15T19:54:44.733Z"}
{"level":"info","message":"Waiting for order update requests","timestamp":"2025-07-15T19:54:44.733Z"}
{"level":"info","message":"Order status update consumer initialized","timestamp":"2025-07-15T19:54:44.784Z"}
{"level":"info","message":"Waiting for order status update requests","timestamp":"2025-07-15T19:54:44.785Z"}
{"level":"info","message":"Order cancellation status update consumer initialized","timestamp":"2025-07-15T19:54:44.809Z"}
{"level":"info","message":"Waiting for order cancellation status update requests","timestamp":"2025-07-15T19:54:44.809Z"}
{"level":"info","message":"User verification consumer initialized","timestamp":"2025-07-15T19:54:44.836Z"}
{"level":"info","message":"Waiting for user verification requests","timestamp":"2025-07-15T19:54:44.837Z"}
{"correlationId":"f1c420ca-5cc7-4b4e-bc45-de0e839a9ae0","level":"info","message":"Sending order status update response","response":{"message":"Order status updated in user database","success":true},"timestamp":"2025-07-15T19:54:52.818Z"}
{"correlationId":"b661c664-11e1-43af-a336-6664337c8de0","level":"info","message":"Sending order status update response","response":{"message":"Order status updated in user database","success":true},"timestamp":"2025-07-15T19:55:00.159Z"}
{"correlationId":"471a3630-801e-47dd-b734-fb437cde07df","level":"info","message":"Sending order status update response","response":{"message":"Order status updated in user database","success":true},"timestamp":"2025-07-15T20:34:12.555Z"}
{"correlationId":"9d4140f1-74af-4ec2-b316-2e35851ff271","level":"info","message":"Sending order cancellation status update response","response":{"message":"Order cancellation status updated in user database","success":true},"timestamp":"2025-07-15T20:37:15.961Z"}
{"level":"info","message":"Order deletion consumer initialized","timestamp":"2025-07-15T20:38:45.450Z"}
{"level":"info","message":"Waiting for order deletion requests","timestamp":"2025-07-15T20:38:45.454Z"}
{"level":"info","message":"Order update consumer initialized","timestamp":"2025-07-15T20:38:45.455Z"}
{"level":"info","message":"Waiting for order update requests","timestamp":"2025-07-15T20:38:45.455Z"}
{"level":"info","message":"Order cancellation status update consumer initialized","timestamp":"2025-07-15T20:38:45.456Z"}
{"level":"info","message":"Waiting for order cancellation status update requests","timestamp":"2025-07-15T20:38:45.457Z"}
{"level":"info","message":"Order status update consumer initialized","timestamp":"2025-07-15T20:38:45.513Z"}
{"level":"info","message":"Waiting for order status update requests","timestamp":"2025-07-15T20:38:45.513Z"}
{"level":"info","message":"User verification consumer initialized","timestamp":"2025-07-15T20:38:45.545Z"}
{"level":"info","message":"Waiting for user verification requests","timestamp":"2025-07-15T20:38:45.546Z"}
{"code":"ECONNRESET","errno":-4077,"level":"error","message":"RabbitMQ connection error: read ECONNRESET","stack":"Error: read ECONNRESET\n    at TLSWrap.onStreamRead (node:internal/stream_base_commons:217:20)","syscall":"read","timestamp":"2025-07-16T03:58:26.747Z"}
{"level":"warn","message":"RabbitMQ connection closed, attempting to reconnect","timestamp":"2025-07-16T03:58:26.797Z"}
{"code":"ECONNRESET","errno":-4077,"level":"error","message":"RabbitMQ connection error: read ECONNRESET","stack":"Error: read ECONNRESET\n    at TLSWrap.onStreamRead (node:internal/stream_base_commons:217:20)","syscall":"read","timestamp":"2025-07-16T03:58:27.179Z"}
{"level":"warn","message":"RabbitMQ connection closed, attempting to reconnect","timestamp":"2025-07-16T03:58:27.181Z"}
{"code":"ECONNRESET","errno":-4077,"level":"error","message":"RabbitMQ connection error: read ECONNRESET","stack":"Error: read ECONNRESET\n    at TLSWrap.onStreamRead (node:internal/stream_base_commons:217:20)","syscall":"read","timestamp":"2025-07-17T13:42:43.837Z"}
{"level":"warn","message":"RabbitMQ connection closed, attempting to reconnect","timestamp":"2025-07-17T13:42:43.858Z"}
{"code":"ECONNRESET","errno":-4077,"level":"error","message":"RabbitMQ connection error: read ECONNRESET","stack":"Error: read ECONNRESET\n    at TLSWrap.onStreamRead (node:internal/stream_base_commons:217:20)","syscall":"read","timestamp":"2025-07-17T13:42:43.890Z"}
{"level":"warn","message":"RabbitMQ connection closed, attempting to reconnect","timestamp":"2025-07-17T13:42:43.902Z"}
{"code":"ECONNRESET","errno":-4077,"level":"error","message":"RabbitMQ connection error: read ECONNRESET","stack":"Error: read ECONNRESET\n    at TLSWrap.onStreamRead (node:internal/stream_base_commons:217:20)","syscall":"read","timestamp":"2025-07-17T13:42:43.916Z"}
{"level":"warn","message":"RabbitMQ connection closed, attempting to reconnect","timestamp":"2025-07-17T13:42:43.929Z"}
{"level":"info","message":"User verification consumer initialized","timestamp":"2025-07-17T16:39:56.191Z"}
{"level":"info","message":"Waiting for user verification requests","timestamp":"2025-07-17T16:39:56.202Z"}
{"level":"info","message":"Order update consumer initialized","timestamp":"2025-07-17T16:39:56.369Z"}
{"level":"info","message":"Waiting for order update requests","timestamp":"2025-07-17T16:39:56.369Z"}
{"level":"info","message":"Order cancellation status update consumer initialized","timestamp":"2025-07-17T16:39:56.380Z"}
{"level":"info","message":"Waiting for order cancellation status update requests","timestamp":"2025-07-17T16:39:56.381Z"}
{"level":"info","message":"Order status update consumer initialized","timestamp":"2025-07-17T16:39:56.383Z"}
{"level":"info","message":"Waiting for order status update requests","timestamp":"2025-07-17T16:39:56.384Z"}
{"level":"info","message":"Order deletion consumer initialized","timestamp":"2025-07-17T16:39:56.397Z"}
{"level":"info","message":"Waiting for order deletion requests","timestamp":"2025-07-17T16:39:56.397Z"}
{"level":"info","message":"Order status update consumer initialized","timestamp":"2025-07-17T16:42:19.322Z"}
{"level":"info","message":"Waiting for order status update requests","timestamp":"2025-07-17T16:42:19.331Z"}
{"level":"info","message":"Order update consumer initialized","timestamp":"2025-07-17T16:42:19.722Z"}
{"level":"info","message":"Waiting for order update requests","timestamp":"2025-07-17T16:42:19.722Z"}
{"level":"info","message":"Order deletion consumer initialized","timestamp":"2025-07-17T16:42:19.792Z"}
{"level":"info","message":"Waiting for order deletion requests","timestamp":"2025-07-17T16:42:19.792Z"}
{"level":"info","message":"User verification consumer initialized","timestamp":"2025-07-17T16:42:19.824Z"}
{"level":"info","message":"Waiting for user verification requests","timestamp":"2025-07-17T16:42:19.825Z"}
{"level":"info","message":"Order cancellation status update consumer initialized","timestamp":"2025-07-17T16:42:20.247Z"}
{"level":"info","message":"Waiting for order cancellation status update requests","timestamp":"2025-07-17T16:42:20.247Z"}
{"correlationId":"1984cb9d-f6c5-468d-837d-ca4e9f8fdce6","level":"info","message":"Sending order cancellation status update response","response":{"message":"Order cancellation status updated in user database","success":true},"timestamp":"2025-07-17T16:42:49.959Z"}
{"correlationId":"2b4dd735-6b99-4e9f-b718-b55b5f3f7794","level":"info","message":"Sending order cancellation status update response","response":{"message":"Order cancellation status updated in user database","success":true},"timestamp":"2025-07-17T16:43:12.035Z"}
{"correlationId":"a4ef5d14-c57c-4e8b-a8b3-4f1ff7c5392e","level":"info","message":"Sending order status update response","response":{"message":"Order status updated in user database","success":true},"timestamp":"2025-07-17T16:43:15.819Z"}
{"level":"info","message":"Order cancellation status update consumer initialized","timestamp":"2025-07-17T16:56:13.611Z"}
{"level":"info","message":"Waiting for order cancellation status update requests","timestamp":"2025-07-17T16:56:13.624Z"}
{"level":"info","message":"Order deletion consumer initialized","timestamp":"2025-07-17T16:56:13.748Z"}
{"level":"info","message":"Waiting for order deletion requests","timestamp":"2025-07-17T16:56:13.748Z"}
{"level":"info","message":"User verification consumer initialized","timestamp":"2025-07-17T16:56:13.752Z"}
{"level":"info","message":"Waiting for user verification requests","timestamp":"2025-07-17T16:56:13.753Z"}
{"level":"info","message":"Order status update consumer initialized","timestamp":"2025-07-17T16:56:13.823Z"}
{"level":"info","message":"Waiting for order status update requests","timestamp":"2025-07-17T16:56:13.823Z"}
{"classId":60,"code":404,"level":"error","message":"RabbitMQ connection error: Channel closed by server: 404 (NOT-FOUND) with message \"NOT_FOUND - Queue 'orderStatus-update-requestx' not declared\"","methodId":20,"stack":"Error: Channel closed by server: 404 (NOT-FOUND) with message \"NOT_FOUND - Queue 'orderStatus-update-requestx' not declared\"\n    at Channel.accept (D:\\startupvdc\\userOrient\\node_modules\\amqplib\\lib\\channel.js:320:19)\n    at Connection.mainAccept [as accept] (D:\\startupvdc\\userOrient\\node_modules\\amqplib\\lib\\connection.js:579:33)\n    at TLSSocket.go (D:\\startupvdc\\userOrient\\node_modules\\amqplib\\lib\\connection.js:431:16)\n    at TLSSocket.emit (node:events:518:28)\n    at emitReadable_ (node:internal/streams/readable:832:12)\n    at process.processTicksAndRejections (node:internal/process/task_queues:81:21)","timestamp":"2025-07-17T16:56:14.017Z"}
{"level":"info","message":"Order deletion consumer initialized","timestamp":"2025-07-17T16:56:23.266Z"}
{"level":"info","message":"Waiting for order deletion requests","timestamp":"2025-07-17T16:56:23.269Z"}
{"level":"info","message":"Order cancellation status update consumer initialized","timestamp":"2025-07-17T16:56:23.323Z"}
{"level":"info","message":"Waiting for order cancellation status update requests","timestamp":"2025-07-17T16:56:23.323Z"}
{"level":"info","message":"Order status update consumer initialized","timestamp":"2025-07-17T16:56:23.331Z"}
{"level":"info","message":"Waiting for order status update requests","timestamp":"2025-07-17T16:56:23.332Z"}
{"level":"info","message":"User verification consumer initialized","timestamp":"2025-07-17T16:56:23.408Z"}
{"level":"info","message":"Waiting for user verification requests","timestamp":"2025-07-17T16:56:23.409Z"}
{"level":"info","message":"Order update consumer initialized","timestamp":"2025-07-17T16:56:23.416Z"}
{"level":"info","message":"Waiting for order update requests","timestamp":"2025-07-17T16:56:23.417Z"}
{"classId":60,"code":404,"level":"error","message":"RabbitMQ connection error: Channel closed by server: 404 (NOT-FOUND) with message \"NOT_FOUND - Queue 'orderStatus-update-requestx' not declared\"","methodId":20,"stack":"Error: Channel closed by server: 404 (NOT-FOUND) with message \"NOT_FOUND - Queue 'orderStatus-update-requestx' not declared\"\n    at Channel.accept (D:\\startupvdc\\userOrient\\node_modules\\amqplib\\lib\\channel.js:320:19)\n    at Connection.mainAccept [as accept] (D:\\startupvdc\\userOrient\\node_modules\\amqplib\\lib\\connection.js:579:33)\n    at TLSSocket.go (D:\\startupvdc\\userOrient\\node_modules\\amqplib\\lib\\connection.js:431:16)\n    at TLSSocket.emit (node:events:518:28)\n    at emitReadable_ (node:internal/streams/readable:832:12)\n    at process.processTicksAndRejections (node:internal/process/task_queues:81:21)","timestamp":"2025-07-17T16:56:23.513Z"}
{"level":"info","message":"Order update consumer initialized","timestamp":"2025-07-17T16:56:36.695Z"}
{"level":"info","message":"Waiting for order update requests","timestamp":"2025-07-17T16:56:36.702Z"}
{"level":"info","message":"Order status update consumer initialized","timestamp":"2025-07-17T16:56:36.773Z"}
{"level":"info","message":"Waiting for order status update requests","timestamp":"2025-07-17T16:56:36.779Z"}
{"level":"info","message":"Order cancellation status update consumer initialized","timestamp":"2025-07-17T16:56:36.841Z"}
{"level":"info","message":"Waiting for order cancellation status update requests","timestamp":"2025-07-17T16:56:36.842Z"}
{"level":"info","message":"User verification consumer initialized","timestamp":"2025-07-17T16:56:36.879Z"}
{"level":"info","message":"Waiting for user verification requests","timestamp":"2025-07-17T16:56:36.881Z"}
{"level":"info","message":"Order deletion consumer initialized","timestamp":"2025-07-17T16:56:36.900Z"}
{"level":"info","message":"Waiting for order deletion requests","timestamp":"2025-07-17T16:56:36.901Z"}
{"classId":60,"code":404,"level":"error","message":"RabbitMQ connection error: Channel closed by server: 404 (NOT-FOUND) with message \"NOT_FOUND - Queue 'orderStatus-update-requestx' not declared\"","methodId":20,"stack":"Error: Channel closed by server: 404 (NOT-FOUND) with message \"NOT_FOUND - Queue 'orderStatus-update-requestx' not declared\"\n    at Channel.accept (D:\\startupvdc\\userOrient\\node_modules\\amqplib\\lib\\channel.js:320:19)\n    at Connection.mainAccept [as accept] (D:\\startupvdc\\userOrient\\node_modules\\amqplib\\lib\\connection.js:579:33)\n    at TLSSocket.go (D:\\startupvdc\\userOrient\\node_modules\\amqplib\\lib\\connection.js:431:16)\n    at TLSSocket.emit (node:events:518:28)\n    at emitReadable_ (node:internal/streams/readable:832:12)\n    at process.processTicksAndRejections (node:internal/process/task_queues:81:21)","timestamp":"2025-07-17T16:56:36.966Z"}
{"level":"info","message":"Order deletion consumer initialized","timestamp":"2025-07-17T16:56:45.257Z"}
{"level":"info","message":"Waiting for order deletion requests","timestamp":"2025-07-17T16:56:45.261Z"}
{"level":"info","message":"Order status update consumer initialized","timestamp":"2025-07-17T16:56:45.262Z"}
{"level":"info","message":"Waiting for order status update requests","timestamp":"2025-07-17T16:56:45.263Z"}
{"level":"info","message":"Order cancellation status update consumer initialized","timestamp":"2025-07-17T16:56:45.264Z"}
{"level":"info","message":"Waiting for order cancellation status update requests","timestamp":"2025-07-17T16:56:45.264Z"}
{"level":"info","message":"Order update consumer initialized","timestamp":"2025-07-17T16:56:45.297Z"}
{"level":"info","message":"Waiting for order update requests","timestamp":"2025-07-17T16:56:45.297Z"}
{"level":"info","message":"User verification consumer initialized","timestamp":"2025-07-17T16:56:45.376Z"}
{"level":"info","message":"Waiting for user verification requests","timestamp":"2025-07-17T16:56:45.376Z"}
{"classId":60,"code":404,"level":"error","message":"RabbitMQ connection error: Channel closed by server: 404 (NOT-FOUND) with message \"NOT_FOUND - Queue 'orderStatus-update-requestx' not declared\"","methodId":20,"stack":"Error: Channel closed by server: 404 (NOT-FOUND) with message \"NOT_FOUND - Queue 'orderStatus-update-requestx' not declared\"\n    at Channel.accept (D:\\startupvdc\\userOrient\\node_modules\\amqplib\\lib\\channel.js:320:19)\n    at Connection.mainAccept [as accept] (D:\\startupvdc\\userOrient\\node_modules\\amqplib\\lib\\connection.js:579:33)\n    at TLSSocket.go (D:\\startupvdc\\userOrient\\node_modules\\amqplib\\lib\\connection.js:431:16)\n    at TLSSocket.emit (node:events:518:28)\n    at emitReadable_ (node:internal/streams/readable:832:12)\n    at process.processTicksAndRejections (node:internal/process/task_queues:81:21)","timestamp":"2025-07-17T16:56:45.443Z"}
{"level":"info","message":"Order deletion consumer initialized","timestamp":"2025-07-17T16:57:01.440Z"}
{"level":"info","message":"Waiting for order deletion requests","timestamp":"2025-07-17T16:57:01.443Z"}
{"level":"info","message":"User verification consumer initialized","timestamp":"2025-07-17T16:57:01.448Z"}
{"level":"info","message":"Waiting for user verification requests","timestamp":"2025-07-17T16:57:01.448Z"}
{"level":"info","message":"Order cancellation status update consumer initialized","timestamp":"2025-07-17T16:57:01.449Z"}
{"level":"info","message":"Waiting for order cancellation status update requests","timestamp":"2025-07-17T16:57:01.449Z"}
{"level":"info","message":"Order status update consumer initialized","timestamp":"2025-07-17T16:57:01.486Z"}
{"level":"info","message":"Waiting for order status update requests","timestamp":"2025-07-17T16:57:01.486Z"}
{"level":"info","message":"Order update consumer initialized","timestamp":"2025-07-17T16:57:01.488Z"}
{"level":"info","message":"Waiting for order update requests","timestamp":"2025-07-17T16:57:01.488Z"}
{"classId":60,"code":404,"level":"error","message":"RabbitMQ connection error: Channel closed by server: 404 (NOT-FOUND) with message \"NOT_FOUND - Queue 'orderStatus-update-requestx' not declared\"","methodId":20,"stack":"Error: Channel closed by server: 404 (NOT-FOUND) with message \"NOT_FOUND - Queue 'orderStatus-update-requestx' not declared\"\n    at Channel.accept (D:\\startupvdc\\userOrient\\node_modules\\amqplib\\lib\\channel.js:320:19)\n    at Connection.mainAccept [as accept] (D:\\startupvdc\\userOrient\\node_modules\\amqplib\\lib\\connection.js:579:33)\n    at TLSSocket.go (D:\\startupvdc\\userOrient\\node_modules\\amqplib\\lib\\connection.js:431:16)\n    at TLSSocket.emit (node:events:518:28)\n    at emitReadable_ (node:internal/streams/readable:832:12)\n    at process.processTicksAndRejections (node:internal/process/task_queues:81:21)","timestamp":"2025-07-17T16:57:01.674Z"}
{"level":"info","message":"Order update consumer initialized","timestamp":"2025-07-17T17:01:22.705Z"}
{"level":"info","message":"Waiting for order update requests","timestamp":"2025-07-17T17:01:22.710Z"}
{"level":"info","message":"Order cancellation status update consumer initialized","timestamp":"2025-07-17T17:01:22.771Z"}
{"level":"info","message":"Waiting for order cancellation status update requests","timestamp":"2025-07-17T17:01:22.771Z"}
{"level":"info","message":"User verification consumer initialized","timestamp":"2025-07-17T17:01:22.790Z"}
{"level":"info","message":"Waiting for user verification requests","timestamp":"2025-07-17T17:01:22.791Z"}
{"level":"info","message":"Order deletion consumer initialized","timestamp":"2025-07-17T17:01:22.852Z"}
{"level":"info","message":"Waiting for order deletion requests","timestamp":"2025-07-17T17:01:22.852Z"}
{"level":"info","message":"Order status update consumer initialized","timestamp":"2025-07-17T17:01:22.905Z"}
{"level":"info","message":"Waiting for order status update requests","timestamp":"2025-07-17T17:01:22.905Z"}
{"level":"info","message":"Order cancellation status update consumer initialized","timestamp":"2025-07-17T17:02:09.054Z"}
{"level":"info","message":"Waiting for order cancellation status update requests","timestamp":"2025-07-17T17:02:09.057Z"}
{"level":"info","message":"Order deletion consumer initialized","timestamp":"2025-07-17T17:02:09.067Z"}
{"level":"info","message":"Waiting for order deletion requests","timestamp":"2025-07-17T17:02:09.068Z"}
{"level":"info","message":"User verification consumer initialized","timestamp":"2025-07-17T17:02:09.128Z"}
{"level":"info","message":"Waiting for user verification requests","timestamp":"2025-07-17T17:02:09.128Z"}
{"level":"info","message":"Order update consumer initialized","timestamp":"2025-07-17T17:02:09.147Z"}
{"level":"info","message":"Waiting for order update requests","timestamp":"2025-07-17T17:02:09.147Z"}
{"level":"info","message":"Order status update consumer initialized","timestamp":"2025-07-17T17:02:09.210Z"}
{"level":"info","message":"Waiting for order status update requests","timestamp":"2025-07-17T17:02:09.210Z"}
{"correlationId":"c138b839-ba96-42ad-9f44-eb07ede49af0","level":"info","message":"Sending order status update response","response":{"message":"Order status updated in user database","success":true},"timestamp":"2025-07-17T17:04:17.333Z"}
{"correlationId":"528a8751-5eed-43fc-a2f8-5001f7c40af2","level":"info","message":"Sending order status update response","response":{"message":"Order status updated in user database","success":true},"timestamp":"2025-07-17T17:04:44.162Z"}
{"correlationId":"32f65009-1313-43ab-8961-e0d58fe249aa","level":"info","message":"Sending order status update response","response":{"message":"Order status updated in user database","success":true},"timestamp":"2025-07-17T17:05:00.442Z"}
{"correlationId":"229dae6e-6868-495a-8be7-d014d03999d9","level":"info","message":"Sending order cancellation status update response","response":{"message":"Order cancellation status updated in user database","success":true},"timestamp":"2025-07-17T17:13:54.268Z"}
{"correlationId":"a01bf5fa-88f1-43a0-9811-ce695519328c","level":"info","message":"Sending user verification response","response":{"message":"User verified successfully","user":{"_id":"68735bae5fbeea1f601d4d14","email":"abhayryadav0007@gmail.com","fullName":"Abhay Yadav","phoneNumber":9528387151,"profileImageLink":""}},"timestamp":"2025-07-17T17:41:59.784Z"}
{"correlationId":"d14cf729-12d0-4f41-b8c0-5346faf2edeb","error":"Cast to embedded failed for value \"{\n  orderId: '687935e873b2a557131e893e',\n  items: [ { itemId: '6842fae9fb45d5ab8fafa8bc', quantity: 1 } ],\n  status: 'Processing',\n  Cstatus: 'Normal',\n  paymentOption: 4,\n  address: 'Abhay raj yadav, clement town, dehradun, 248002, Phone: 9528387151, Email: abhayryadav0007@gmail.com'\n}\" (type Object) at path \"orders\" because of \"CastError\"","level":"error","message":"Error processing order update","timestamp":"2025-07-17T17:42:02.991Z"}
{"correlationId":"151676f0-b377-4e73-b8ba-33334f9b3ffc","level":"info","message":"Sending user verification response","response":{"message":"User verified successfully","user":{"_id":"68735bae5fbeea1f601d4d14","email":"abhayryadav0007@gmail.com","fullName":"Abhay Yadav","phoneNumber":9528387151,"profileImageLink":""}},"timestamp":"2025-07-17T17:43:37.879Z"}
{"correlationId":"14ff0cd8-774e-4247-83a9-62cc5b094c38","error":"Cast to embedded failed for value \"{\n  orderId: '6879364a73b2a557131e8941',\n  items: [ { itemId: '6842fae9fb45d5ab8fafa8bc', quantity: 1 } ],\n  status: 'Processing',\n  Cstatus: 'Normal',\n  paymentOption: 3,\n  address: 'Abhay raj yadav, clement town, dehradun, 248002, Phone: 9528387151, Email: abhayryadav0007@gmail.com'\n}\" (type Object) at path \"orders\" because of \"CastError\"","level":"error","message":"Error processing order update","timestamp":"2025-07-17T17:43:41.067Z"}
{"correlationId":"0faedaba-7e6f-485f-baf0-51adeb96af82","level":"info","message":"Sending user verification response","response":{"message":"User verified successfully","user":{"_id":"68735bae5fbeea1f601d4d14","email":"abhayryadav0007@gmail.com","fullName":"Abhay Yadav","phoneNumber":9528387151,"profileImageLink":""}},"timestamp":"2025-07-17T17:44:22.745Z"}
{"correlationId":"9fa82e02-6a80-4dd4-a97e-ab1fd0e5f395","error":"Cast to embedded failed for value \"{\n  orderId: '687936772555865f12a00711',\n  items: [ { itemId: '6842fae9fb45d5ab8fafa8bc', quantity: 1 } ],\n  status: 'Processing',\n  Cstatus: 'Normal',\n  paymentOption: 3,\n  address: 'Abhay raj yadav, clement town, dehradun, 248002, Phone: 9528387151, Email: abhayryadav0007@gmail.com'\n}\" (type Object) at path \"orders\" because of \"CastError\"","level":"error","message":"Error processing order update","timestamp":"2025-07-17T17:44:25.921Z"}
{"correlationId":"be4ad9af-c719-4256-a7f6-ed7a121594c8","level":"info","message":"Sending user verification response","response":{"message":"User verified successfully","user":{"_id":"68735bae5fbeea1f601d4d14","email":"abhayryadav0007@gmail.com","fullName":"Abhay Yadav","phoneNumber":9528387151,"profileImageLink":""}},"timestamp":"2025-07-17T17:44:56.432Z"}
{"correlationId":"a5c6c773-f287-4ff3-8927-1c8f5f91a1a3","error":"Cast to embedded failed for value \"{\n  orderId: '687936982555865f12a00714',\n  items: [ { itemId: '6842fae9fb45d5ab8fafa8bc', quantity: 1 } ],\n  status: 'Processing',\n  Cstatus: 'Normal',\n  paymentOption: 1,\n  address: 'Abhay raj yadav, clement town, dehradun, 248002, Phone: 9528387151, Email: abhayryadav0007@gmail.com'\n}\" (type Object) at path \"orders\" because of \"CastError\"","level":"error","message":"Error processing order update","timestamp":"2025-07-17T17:44:59.594Z"}
{"level":"info","message":"Order deletion consumer initialized","timestamp":"2025-07-17T17:51:41.680Z"}
{"level":"info","message":"Waiting for order deletion requests","timestamp":"2025-07-17T17:51:41.683Z"}
{"level":"info","message":"Order cancellation status update consumer initialized","timestamp":"2025-07-17T17:51:41.684Z"}
{"level":"info","message":"Waiting for order cancellation status update requests","timestamp":"2025-07-17T17:51:41.684Z"}
{"level":"info","message":"Order update consumer initialized","timestamp":"2025-07-17T17:51:41.699Z"}
{"level":"info","message":"Waiting for order update requests","timestamp":"2025-07-17T17:51:41.699Z"}
{"level":"info","message":"Order status update consumer initialized","timestamp":"2025-07-17T17:51:41.700Z"}
{"level":"info","message":"Waiting for order status update requests","timestamp":"2025-07-17T17:51:41.700Z"}
{"level":"info","message":"User verification consumer initialized","timestamp":"2025-07-17T17:51:41.743Z"}
{"level":"info","message":"Waiting for user verification requests","timestamp":"2025-07-17T17:51:41.743Z"}
{"level":"info","message":"User verification consumer initialized","timestamp":"2025-07-17T17:53:38.184Z"}
{"level":"info","message":"Waiting for user verification requests","timestamp":"2025-07-17T17:53:38.189Z"}
{"level":"info","message":"Order update consumer initialized","timestamp":"2025-07-17T17:53:38.280Z"}
{"level":"info","message":"Waiting for order update requests","timestamp":"2025-07-17T17:53:38.281Z"}
{"level":"info","message":"Order deletion consumer initialized","timestamp":"2025-07-17T17:53:38.320Z"}
{"level":"info","message":"Waiting for order deletion requests","timestamp":"2025-07-17T17:53:38.320Z"}
{"level":"info","message":"Order cancellation status update consumer initialized","timestamp":"2025-07-17T17:53:38.340Z"}
{"level":"info","message":"Waiting for order cancellation status update requests","timestamp":"2025-07-17T17:53:38.340Z"}
{"level":"info","message":"Order status update consumer initialized","timestamp":"2025-07-17T17:53:38.342Z"}
{"level":"info","message":"Waiting for order status update requests","timestamp":"2025-07-17T17:53:38.343Z"}
{"level":"info","message":"Order deletion consumer initialized","timestamp":"2025-07-17T17:54:35.598Z"}
{"level":"info","message":"Waiting for order deletion requests","timestamp":"2025-07-17T17:54:35.602Z"}
{"level":"info","message":"Order update consumer initialized","timestamp":"2025-07-17T17:54:35.679Z"}
{"level":"info","message":"Waiting for order update requests","timestamp":"2025-07-17T17:54:35.680Z"}
{"level":"info","message":"Order cancellation status update consumer initialized","timestamp":"2025-07-17T17:54:35.729Z"}
{"level":"info","message":"Waiting for order cancellation status update requests","timestamp":"2025-07-17T17:54:35.729Z"}
{"level":"info","message":"Order status update consumer initialized","timestamp":"2025-07-17T17:54:35.767Z"}
{"level":"info","message":"Waiting for order status update requests","timestamp":"2025-07-17T17:54:35.767Z"}
{"level":"info","message":"User verification consumer initialized","timestamp":"2025-07-17T17:54:35.803Z"}
{"level":"info","message":"Waiting for user verification requests","timestamp":"2025-07-17T17:54:35.803Z"}
{"level":"info","message":"Order deletion consumer initialized","timestamp":"2025-07-17T17:54:47.736Z"}
{"level":"info","message":"Waiting for order deletion requests","timestamp":"2025-07-17T17:54:47.739Z"}
{"level":"info","message":"User verification consumer initialized","timestamp":"2025-07-17T17:54:47.740Z"}
{"level":"info","message":"Waiting for user verification requests","timestamp":"2025-07-17T17:54:47.741Z"}
{"level":"info","message":"Order cancellation status update consumer initialized","timestamp":"2025-07-17T17:54:47.854Z"}
{"level":"info","message":"Waiting for order cancellation status update requests","timestamp":"2025-07-17T17:54:47.854Z"}
{"level":"info","message":"Order update consumer initialized","timestamp":"2025-07-17T17:54:47.855Z"}
{"level":"info","message":"Waiting for order update requests","timestamp":"2025-07-17T17:54:47.855Z"}
{"level":"info","message":"Order status update consumer initialized","timestamp":"2025-07-17T17:54:47.891Z"}
{"level":"info","message":"Waiting for order status update requests","timestamp":"2025-07-17T17:54:47.891Z"}
{"level":"info","message":"Order cancellation status update consumer initialized","timestamp":"2025-07-17T17:59:23.722Z"}
{"level":"info","message":"Waiting for order cancellation status update requests","timestamp":"2025-07-17T17:59:23.726Z"}
{"level":"info","message":"Order update consumer initialized","timestamp":"2025-07-17T17:59:23.727Z"}
{"level":"info","message":"Waiting for order update requests","timestamp":"2025-07-17T17:59:23.728Z"}
{"level":"info","message":"Order deletion consumer initialized","timestamp":"2025-07-17T17:59:23.741Z"}
{"level":"info","message":"Waiting for order deletion requests","timestamp":"2025-07-17T17:59:23.742Z"}
{"level":"info","message":"Order status update consumer initialized","timestamp":"2025-07-17T17:59:23.764Z"}
{"level":"info","message":"Waiting for order status update requests","timestamp":"2025-07-17T17:59:23.765Z"}
{"level":"info","message":"User verification consumer initialized","timestamp":"2025-07-17T17:59:23.814Z"}
{"level":"info","message":"Waiting for user verification requests","timestamp":"2025-07-17T17:59:23.815Z"}
{"classId":60,"code":404,"level":"error","message":"RabbitMQ connection error: Channel closed by server: 404 (NOT-FOUND) with message \"NOT_FOUND - Queue 'order-update-requestx' not declared\"","methodId":20,"stack":"Error: Channel closed by server: 404 (NOT-FOUND) with message \"NOT_FOUND - Queue 'order-update-requestx' not declared\"\n    at Channel.accept (D:\\startupvdc\\userOrient\\node_modules\\amqplib\\lib\\channel.js:320:19)\n    at Connection.mainAccept [as accept] (D:\\startupvdc\\userOrient\\node_modules\\amqplib\\lib\\connection.js:579:33)\n    at TLSSocket.go (D:\\startupvdc\\userOrient\\node_modules\\amqplib\\lib\\connection.js:431:16)\n    at TLSSocket.emit (node:events:518:28)\n    at emitReadable_ (node:internal/streams/readable:832:12)\n    at process.processTicksAndRejections (node:internal/process/task_queues:81:21)","timestamp":"2025-07-17T17:59:23.908Z"}
{"level":"info","message":"Order deletion consumer initialized","timestamp":"2025-07-17T17:59:36.547Z"}
{"level":"info","message":"Waiting for order deletion requests","timestamp":"2025-07-17T17:59:36.550Z"}
{"level":"info","message":"Order cancellation status update consumer initialized","timestamp":"2025-07-17T17:59:36.551Z"}
{"level":"info","message":"Waiting for order cancellation status update requests","timestamp":"2025-07-17T17:59:36.551Z"}
{"level":"info","message":"Order update consumer initialized","timestamp":"2025-07-17T17:59:36.625Z"}
{"level":"info","message":"Waiting for order update requests","timestamp":"2025-07-17T17:59:36.626Z"}
{"level":"info","message":"Order status update consumer initialized","timestamp":"2025-07-17T17:59:36.629Z"}
{"level":"info","message":"Waiting for order status update requests","timestamp":"2025-07-17T17:59:36.629Z"}
{"level":"info","message":"User verification consumer initialized","timestamp":"2025-07-17T17:59:36.630Z"}
{"level":"info","message":"Waiting for user verification requests","timestamp":"2025-07-17T17:59:36.630Z"}
{"correlationId":"ef9fcd57-e03b-4e4e-aae2-71a73ed546e3","error":"Cast to embedded failed for value \"{\n  items: [ { itemId: '6842fae9fb45d5ab8fafa8bc', quantity: 1 } ],\n  status: 'Processing',\n  Cstatus: 'Normal',\n  paymentOption: 4,\n  address: 'Abhay raj yadav, clement town, dehradun, 248002, Phone: 9528387151, Email: abhayryadav0007@gmail.com'\n}\" (type Object) at path \"orders\" because of \"CastError\"","level":"error","message":"Error processing order update","timestamp":"2025-07-17T18:00:05.543Z"}
{"level":"info","message":"Order status update consumer initialized","timestamp":"2025-07-17T18:05:01.060Z"}
{"level":"info","message":"Waiting for order status update requests","timestamp":"2025-07-17T18:05:01.062Z"}
{"level":"info","message":"Order cancellation status update consumer initialized","timestamp":"2025-07-17T18:05:01.096Z"}
{"level":"info","message":"Waiting for order cancellation status update requests","timestamp":"2025-07-17T18:05:01.097Z"}
{"level":"info","message":"Order deletion consumer initialized","timestamp":"2025-07-17T18:05:01.116Z"}
{"level":"info","message":"Waiting for order deletion requests","timestamp":"2025-07-17T18:05:01.117Z"}
{"level":"info","message":"User verification consumer initialized","timestamp":"2025-07-17T18:05:01.127Z"}
{"level":"info","message":"Waiting for user verification requests","timestamp":"2025-07-17T18:05:01.128Z"}
{"level":"info","message":"Order update consumer initialized","timestamp":"2025-07-17T18:05:01.187Z"}
{"level":"info","message":"Waiting for order update requests","timestamp":"2025-07-17T18:05:01.188Z"}
{"level":"info","message":"Order status update consumer initialized","timestamp":"2025-07-17T18:05:25.487Z"}
{"level":"info","message":"Waiting for order status update requests","timestamp":"2025-07-17T18:05:25.490Z"}
{"level":"info","message":"Order cancellation status update consumer initialized","timestamp":"2025-07-17T18:05:25.537Z"}
{"level":"info","message":"Waiting for order cancellation status update requests","timestamp":"2025-07-17T18:05:25.538Z"}
{"level":"info","message":"User verification consumer initialized","timestamp":"2025-07-17T18:05:25.624Z"}
{"level":"info","message":"Waiting for user verification requests","timestamp":"2025-07-17T18:05:25.624Z"}
{"level":"info","message":"Order deletion consumer initialized","timestamp":"2025-07-17T18:05:25.647Z"}
{"level":"info","message":"Waiting for order deletion requests","timestamp":"2025-07-17T18:05:25.647Z"}
{"level":"info","message":"Order update consumer initialized","timestamp":"2025-07-17T18:05:25.677Z"}
{"level":"info","message":"Waiting for order update requests","timestamp":"2025-07-17T18:05:25.678Z"}
{"level":"info","message":"User verification consumer initialized","timestamp":"2025-07-17T18:05:50.458Z"}
{"level":"info","message":"Waiting for user verification requests","timestamp":"2025-07-17T18:05:50.460Z"}
{"level":"info","message":"Order status update consumer initialized","timestamp":"2025-07-17T18:05:50.572Z"}
{"level":"info","message":"Waiting for order status update requests","timestamp":"2025-07-17T18:05:50.573Z"}
{"level":"info","message":"Order deletion consumer initialized","timestamp":"2025-07-17T18:05:50.574Z"}
{"level":"info","message":"Waiting for order deletion requests","timestamp":"2025-07-17T18:05:50.574Z"}
{"level":"info","message":"Order cancellation status update consumer initialized","timestamp":"2025-07-17T18:05:50.580Z"}
{"level":"info","message":"Waiting for order cancellation status update requests","timestamp":"2025-07-17T18:05:50.580Z"}
{"level":"info","message":"Order update consumer initialized","timestamp":"2025-07-17T18:05:50.627Z"}
{"level":"info","message":"Waiting for order update requests","timestamp":"2025-07-17T18:05:50.628Z"}
{"level":"info","message":"Order cancellation status update consumer initialized","timestamp":"2025-07-17T18:06:08.693Z"}
{"level":"info","message":"Waiting for order cancellation status update requests","timestamp":"2025-07-17T18:06:08.695Z"}
{"level":"info","message":"Order update consumer initialized","timestamp":"2025-07-17T18:06:08.736Z"}
{"level":"info","message":"Waiting for order update requests","timestamp":"2025-07-17T18:06:08.737Z"}
{"level":"info","message":"Order status update consumer initialized","timestamp":"2025-07-17T18:06:08.751Z"}
{"level":"info","message":"Waiting for order status update requests","timestamp":"2025-07-17T18:06:08.751Z"}
{"level":"info","message":"Order deletion consumer initialized","timestamp":"2025-07-17T18:06:08.767Z"}
{"level":"info","message":"Waiting for order deletion requests","timestamp":"2025-07-17T18:06:08.767Z"}
{"level":"info","message":"User verification consumer initialized","timestamp":"2025-07-17T18:06:08.772Z"}
{"level":"info","message":"Waiting for user verification requests","timestamp":"2025-07-17T18:06:08.772Z"}
{"correlationId":"923725f2-c2e4-4c45-90bf-187df27d63bc","level":"info","message":"Sending order update response","response":{"message":"Order added to user successfully","userId":"68735bae5fbeea1f601d4d14"},"timestamp":"2025-07-17T18:06:24.731Z"}
{"level":"info","message":"User verification consumer initialized","timestamp":"2025-07-17T19:07:03.359Z"}
{"level":"info","message":"Waiting for user verification requests","timestamp":"2025-07-17T19:07:03.362Z"}
{"level":"info","message":"Order cancellation status update consumer initialized","timestamp":"2025-07-17T19:07:03.428Z"}
{"level":"info","message":"Waiting for order cancellation status update requests","timestamp":"2025-07-17T19:07:03.428Z"}
{"level":"info","message":"Order deletion consumer initialized","timestamp":"2025-07-17T19:07:03.429Z"}
{"level":"info","message":"Waiting for order deletion requests","timestamp":"2025-07-17T19:07:03.429Z"}
{"level":"info","message":"Order update consumer initialized","timestamp":"2025-07-17T19:07:03.438Z"}
{"level":"info","message":"Waiting for order update requests","timestamp":"2025-07-17T19:07:03.439Z"}
{"level":"info","message":"Order status update consumer initialized","timestamp":"2025-07-17T19:07:03.524Z"}
{"level":"info","message":"Waiting for order status update requests","timestamp":"2025-07-17T19:07:03.525Z"}
{"code":"ECONNRESET","errno":-4077,"level":"error","message":"RabbitMQ connection error: read ECONNRESET","stack":"Error: read ECONNRESET\n    at TLSWrap.onStreamRead (node:internal/stream_base_commons:217:20)","syscall":"read","timestamp":"2025-07-18T05:07:05.541Z"}
{"level":"warn","message":"RabbitMQ connection closed, attempting to reconnect","timestamp":"2025-07-18T05:07:05.660Z"}
{"code":"ECONNRESET","errno":-4077,"level":"error","message":"RabbitMQ connection error: read ECONNRESET","stack":"Error: read ECONNRESET\n    at TLSWrap.onStreamRead (node:internal/stream_base_commons:217:20)","syscall":"read","timestamp":"2025-07-18T05:07:05.792Z"}
{"level":"warn","message":"RabbitMQ connection closed, attempting to reconnect","timestamp":"2025-07-18T05:07:05.820Z"}
{"code":"ECONNRESET","errno":-4077,"level":"error","message":"RabbitMQ connection error: read ECONNRESET","stack":"Error: read ECONNRESET\n    at TLSWrap.onStreamRead (node:internal/stream_base_commons:217:20)","syscall":"read","timestamp":"2025-07-18T05:07:05.836Z"}
{"level":"warn","message":"RabbitMQ connection closed, attempting to reconnect","timestamp":"2025-07-18T05:07:05.875Z"}
{"code":"ECONNRESET","errno":-4077,"level":"error","message":"RabbitMQ connection error: read ECONNRESET","stack":"Error: read ECONNRESET\n    at TLSWrap.onStreamRead (node:internal/stream_base_commons:217:20)","syscall":"read","timestamp":"2025-07-18T05:07:06.151Z"}
{"level":"warn","message":"RabbitMQ connection closed, attempting to reconnect","timestamp":"2025-07-18T05:07:06.187Z"}
{"code":"ECONNRESET","errno":-4077,"level":"error","message":"RabbitMQ connection error: read ECONNRESET","stack":"Error: read ECONNRESET\n    at TLSWrap.onStreamRead (node:internal/stream_base_commons:217:20)","syscall":"read","timestamp":"2025-07-18T05:07:08.228Z"}
{"level":"warn","message":"RabbitMQ connection closed, attempting to reconnect","timestamp":"2025-07-18T05:07:08.232Z"}
{"level":"info","message":"Order update consumer initialized","timestamp":"2025-07-18T05:07:13.292Z"}
{"level":"info","message":"Order status update consumer initialized","timestamp":"2025-07-18T05:07:13.606Z"}
{"level":"info","message":"Order deletion consumer initialized","timestamp":"2025-07-18T05:07:13.640Z"}
{"level":"info","message":"Order cancellation status update consumer initialized","timestamp":"2025-07-18T05:07:13.735Z"}
{"level":"info","message":"Order deletion consumer initialized","timestamp":"2025-07-18T05:07:13.746Z"}
{"level":"info","message":"Order status update consumer initialized","timestamp":"2025-07-18T05:07:13.896Z"}
{"level":"info","message":"Order cancellation status update consumer initialized","timestamp":"2025-07-18T05:07:14.090Z"}
{"level":"info","message":"Order update consumer initialized","timestamp":"2025-07-18T05:07:14.707Z"}
{"level":"info","message":"User verification consumer initialized","timestamp":"2025-07-18T05:07:15.412Z"}
{"level":"info","message":"User verification consumer initialized","timestamp":"2025-07-18T05:07:15.714Z"}
{"code":"ECONNRESET","errno":-4077,"level":"error","message":"RabbitMQ connection error: read ECONNRESET","stack":"Error: read ECONNRESET\n    at TLSWrap.onStreamRead (node:internal/stream_base_commons:217:20)","syscall":"read","timestamp":"2025-07-18T08:08:02.390Z"}
{"code":"ECONNRESET","errno":-4077,"level":"error","message":"RabbitMQ connection error: read ECONNRESET","stack":"Error: read ECONNRESET\n    at TLSWrap.onStreamRead (node:internal/stream_base_commons:217:20)","syscall":"read","timestamp":"2025-07-18T08:08:02.433Z"}
{"level":"warn","message":"RabbitMQ connection closed, attempting to reconnect","timestamp":"2025-07-18T08:08:02.438Z"}
{"level":"warn","message":"RabbitMQ connection closed, attempting to reconnect","timestamp":"2025-07-18T08:08:02.439Z"}
{"level":"info","message":"User verification consumer initialized","timestamp":"2025-08-11T10:38:59.981Z"}
{"level":"info","message":"Waiting for user verification requests","timestamp":"2025-08-11T10:38:59.990Z"}
{"level":"info","message":"Order cancellation status update consumer initialized","timestamp":"2025-08-11T10:39:00.615Z"}
{"level":"info","message":"Waiting for order cancellation status update requests","timestamp":"2025-08-11T10:39:00.615Z"}
{"level":"info","message":"Order update consumer initialized","timestamp":"2025-08-11T10:39:00.617Z"}
{"level":"info","message":"Waiting for order update requests","timestamp":"2025-08-11T10:39:00.618Z"}
{"level":"info","message":"Order status update consumer initialized","timestamp":"2025-08-11T10:39:00.819Z"}
{"level":"info","message":"Waiting for order status update requests","timestamp":"2025-08-11T10:39:00.820Z"}
{"level":"info","message":"Order deletion consumer initialized","timestamp":"2025-08-11T10:39:00.822Z"}
{"level":"info","message":"Waiting for order deletion requests","timestamp":"2025-08-11T10:39:00.823Z"}
{"code":"ECONNRESET","errno":-4077,"level":"error","message":"RabbitMQ connection error: read ECONNRESET","stack":"Error: read ECONNRESET\n    at TLSWrap.onStreamRead (node:internal/stream_base_commons:217:20)","syscall":"read","timestamp":"2025-08-11T13:04:26.104Z"}
{"level":"warn","message":"RabbitMQ connection closed, attempting to reconnect","timestamp":"2025-08-11T13:04:26.106Z"}
{"code":"ECONNRESET","errno":-4077,"level":"error","message":"RabbitMQ connection error: read ECONNRESET","stack":"Error: read ECONNRESET\n    at TLSWrap.onStreamRead (node:internal/stream_base_commons:217:20)","syscall":"read","timestamp":"2025-08-11T13:04:26.432Z"}
{"level":"warn","message":"RabbitMQ connection closed, attempting to reconnect","timestamp":"2025-08-11T13:04:26.432Z"}
{"level":"info","message":"Order update consumer initialized","timestamp":"2025-08-11T13:04:34.037Z"}
{"level":"info","message":"Order cancellation status update consumer initialized","timestamp":"2025-08-11T13:04:34.044Z"}
{"level":"info","message":"Order cancellation status update consumer initialized","timestamp":"2025-08-11T13:04:34.061Z"}
{"level":"info","message":"Order update consumer initialized","timestamp":"2025-08-11T13:04:34.652Z"}
{"level":"info","message":"Order status update consumer initialized","timestamp":"2025-08-11T13:13:50.905Z"}
{"level":"info","message":"Waiting for order status update requests","timestamp":"2025-08-11T13:13:50.908Z"}
{"level":"info","message":"User verification consumer initialized","timestamp":"2025-08-11T13:13:50.910Z"}
{"level":"info","message":"Waiting for user verification requests","timestamp":"2025-08-11T13:13:50.910Z"}
{"level":"info","message":"Order cancellation status update consumer initialized","timestamp":"2025-08-11T13:13:50.911Z"}
{"level":"info","message":"Waiting for order cancellation status update requests","timestamp":"2025-08-11T13:13:50.911Z"}
{"level":"info","message":"Order update consumer initialized","timestamp":"2025-08-11T13:13:50.943Z"}
{"level":"info","message":"Waiting for order update requests","timestamp":"2025-08-11T13:13:50.944Z"}
{"level":"info","message":"Order deletion consumer initialized","timestamp":"2025-08-11T13:13:51.026Z"}
{"level":"info","message":"Waiting for order deletion requests","timestamp":"2025-08-11T13:13:51.027Z"}
{"level":"info","message":"Order status update consumer initialized","timestamp":"2025-08-11T13:13:54.505Z"}
{"level":"info","message":"Waiting for order status update requests","timestamp":"2025-08-11T13:13:54.509Z"}
{"level":"info","message":"Order deletion consumer initialized","timestamp":"2025-08-11T13:13:54.510Z"}
{"level":"info","message":"Waiting for order deletion requests","timestamp":"2025-08-11T13:13:54.510Z"}
{"level":"info","message":"Order update consumer initialized","timestamp":"2025-08-11T13:13:54.546Z"}
{"level":"info","message":"Waiting for order update requests","timestamp":"2025-08-11T13:13:54.546Z"}
{"level":"info","message":"Order cancellation status update consumer initialized","timestamp":"2025-08-11T13:13:54.566Z"}
{"level":"info","message":"Waiting for order cancellation status update requests","timestamp":"2025-08-11T13:13:54.567Z"}
{"level":"info","message":"User verification consumer initialized","timestamp":"2025-08-11T13:13:54.598Z"}
{"level":"info","message":"Waiting for user verification requests","timestamp":"2025-08-11T13:13:54.599Z"}
{"level":"info","message":"Order update consumer initialized","timestamp":"2025-08-11T13:14:12.765Z"}
{"level":"info","message":"Waiting for order update requests","timestamp":"2025-08-11T13:14:12.769Z"}
{"level":"info","message":"Order deletion consumer initialized","timestamp":"2025-08-11T13:14:12.775Z"}
{"level":"info","message":"Waiting for order deletion requests","timestamp":"2025-08-11T13:14:12.775Z"}
{"level":"info","message":"Order status update consumer initialized","timestamp":"2025-08-11T13:14:12.787Z"}
{"level":"info","message":"Waiting for order status update requests","timestamp":"2025-08-11T13:14:12.787Z"}
{"level":"info","message":"User verification consumer initialized","timestamp":"2025-08-11T13:14:12.817Z"}
{"level":"info","message":"Waiting for user verification requests","timestamp":"2025-08-11T13:14:12.817Z"}
{"level":"info","message":"Order cancellation status update consumer initialized","timestamp":"2025-08-11T13:14:12.827Z"}
{"level":"info","message":"Waiting for order cancellation status update requests","timestamp":"2025-08-11T13:14:12.828Z"}
{"level":"info","message":"Order deletion consumer initialized","timestamp":"2025-08-11T13:14:19.460Z"}
{"level":"info","message":"Waiting for order deletion requests","timestamp":"2025-08-11T13:14:19.464Z"}
{"level":"info","message":"Order cancellation status update consumer initialized","timestamp":"2025-08-11T13:14:19.474Z"}
{"level":"info","message":"Waiting for order cancellation status update requests","timestamp":"2025-08-11T13:14:19.475Z"}
{"level":"info","message":"Order status update consumer initialized","timestamp":"2025-08-11T13:14:19.547Z"}
{"level":"info","message":"Waiting for order status update requests","timestamp":"2025-08-11T13:14:19.547Z"}
{"level":"info","message":"Order update consumer initialized","timestamp":"2025-08-11T13:14:19.555Z"}
{"level":"info","message":"Waiting for order update requests","timestamp":"2025-08-11T13:14:19.556Z"}
{"level":"info","message":"User verification consumer initialized","timestamp":"2025-08-11T13:14:19.557Z"}
{"level":"info","message":"Waiting for user verification requests","timestamp":"2025-08-11T13:14:19.557Z"}
{"level":"info","message":"Order deletion consumer initialized","timestamp":"2025-08-11T13:14:26.272Z"}
{"level":"info","message":"Waiting for order deletion requests","timestamp":"2025-08-11T13:14:26.275Z"}
{"level":"info","message":"Order cancellation status update consumer initialized","timestamp":"2025-08-11T13:14:26.281Z"}
{"level":"info","message":"Waiting for order cancellation status update requests","timestamp":"2025-08-11T13:14:26.281Z"}
{"level":"info","message":"Order update consumer initialized","timestamp":"2025-08-11T13:14:26.283Z"}
{"level":"info","message":"Waiting for order update requests","timestamp":"2025-08-11T13:14:26.283Z"}
{"level":"info","message":"User verification consumer initialized","timestamp":"2025-08-11T13:14:26.347Z"}
{"level":"info","message":"Waiting for user verification requests","timestamp":"2025-08-11T13:14:26.348Z"}
{"level":"info","message":"Order status update consumer initialized","timestamp":"2025-08-11T13:14:26.524Z"}
{"level":"info","message":"Waiting for order status update requests","timestamp":"2025-08-11T13:14:26.525Z"}
{"level":"info","message":"Order update consumer initialized","timestamp":"2025-08-11T13:14:35.584Z"}
{"level":"info","message":"Waiting for order update requests","timestamp":"2025-08-11T13:14:35.587Z"}
{"level":"info","message":"Order deletion consumer initialized","timestamp":"2025-08-11T13:14:35.642Z"}
{"level":"info","message":"Waiting for order deletion requests","timestamp":"2025-08-11T13:14:35.643Z"}
{"level":"info","message":"Order cancellation status update consumer initialized","timestamp":"2025-08-11T13:14:35.648Z"}
{"level":"info","message":"Waiting for order cancellation status update requests","timestamp":"2025-08-11T13:14:35.648Z"}
{"level":"info","message":"Order status update consumer initialized","timestamp":"2025-08-11T13:14:35.702Z"}
{"level":"info","message":"Waiting for order status update requests","timestamp":"2025-08-11T13:14:35.702Z"}
{"level":"info","message":"User verification consumer initialized","timestamp":"2025-08-11T13:14:35.765Z"}
{"level":"info","message":"Waiting for user verification requests","timestamp":"2025-08-11T13:14:35.766Z"}
{"level":"info","message":"Order status update consumer initialized","timestamp":"2025-08-11T13:14:42.915Z"}
{"level":"info","message":"Waiting for order status update requests","timestamp":"2025-08-11T13:14:42.919Z"}
{"level":"info","message":"User verification consumer initialized","timestamp":"2025-08-11T13:14:42.921Z"}
{"level":"info","message":"Waiting for user verification requests","timestamp":"2025-08-11T13:14:42.921Z"}
{"level":"info","message":"Order deletion consumer initialized","timestamp":"2025-08-11T13:14:43.150Z"}
{"level":"info","message":"Waiting for order deletion requests","timestamp":"2025-08-11T13:14:43.150Z"}
{"level":"info","message":"Order cancellation status update consumer initialized","timestamp":"2025-08-11T13:14:43.150Z"}
{"level":"info","message":"Waiting for order cancellation status update requests","timestamp":"2025-08-11T13:14:43.151Z"}
{"level":"info","message":"Order update consumer initialized","timestamp":"2025-08-11T13:14:43.151Z"}
{"level":"info","message":"Waiting for order update requests","timestamp":"2025-08-11T13:14:43.151Z"}
{"level":"info","message":"User verification consumer initialized","timestamp":"2025-08-11T13:14:49.010Z"}
{"level":"info","message":"Waiting for user verification requests","timestamp":"2025-08-11T13:14:49.013Z"}
{"level":"info","message":"Order update consumer initialized","timestamp":"2025-08-11T13:14:49.075Z"}
{"level":"info","message":"Waiting for order update requests","timestamp":"2025-08-11T13:14:49.076Z"}
{"level":"info","message":"Order cancellation status update consumer initialized","timestamp":"2025-08-11T13:14:49.077Z"}
{"level":"info","message":"Waiting for order cancellation status update requests","timestamp":"2025-08-11T13:14:49.077Z"}
{"level":"info","message":"Order status update consumer initialized","timestamp":"2025-08-11T13:14:49.083Z"}
{"level":"info","message":"Waiting for order status update requests","timestamp":"2025-08-11T13:14:49.083Z"}
{"level":"info","message":"Order deletion consumer initialized","timestamp":"2025-08-11T13:14:49.278Z"}
{"level":"info","message":"Waiting for order deletion requests","timestamp":"2025-08-11T13:14:49.279Z"}
{"level":"info","message":"Order status update consumer initialized","timestamp":"2025-08-11T13:15:44.171Z"}
{"level":"info","message":"Waiting for order status update requests","timestamp":"2025-08-11T13:15:44.174Z"}
{"level":"info","message":"Order cancellation status update consumer initialized","timestamp":"2025-08-11T13:15:44.259Z"}
{"level":"info","message":"Waiting for order cancellation status update requests","timestamp":"2025-08-11T13:15:44.260Z"}
{"level":"info","message":"Order deletion consumer initialized","timestamp":"2025-08-11T13:15:44.288Z"}
{"level":"info","message":"Waiting for order deletion requests","timestamp":"2025-08-11T13:15:44.288Z"}
{"level":"info","message":"User verification consumer initialized","timestamp":"2025-08-11T13:15:44.296Z"}
{"level":"info","message":"Waiting for user verification requests","timestamp":"2025-08-11T13:15:44.297Z"}
{"level":"info","message":"Order update consumer initialized","timestamp":"2025-08-11T13:15:44.322Z"}
{"level":"info","message":"Waiting for order update requests","timestamp":"2025-08-11T13:15:44.323Z"}
{"level":"info","message":"Order cancellation status update consumer initialized","timestamp":"2025-08-11T13:15:47.731Z"}
{"level":"info","message":"Waiting for order cancellation status update requests","timestamp":"2025-08-11T13:15:47.735Z"}
{"level":"info","message":"User verification consumer initialized","timestamp":"2025-08-11T13:15:47.750Z"}
{"level":"info","message":"Waiting for user verification requests","timestamp":"2025-08-11T13:15:47.750Z"}
{"level":"info","message":"Order update consumer initialized","timestamp":"2025-08-11T13:15:47.753Z"}
{"level":"info","message":"Waiting for order update requests","timestamp":"2025-08-11T13:15:47.753Z"}
{"level":"info","message":"Order status update consumer initialized","timestamp":"2025-08-11T13:15:47.790Z"}
{"level":"info","message":"Waiting for order status update requests","timestamp":"2025-08-11T13:15:47.790Z"}
{"level":"info","message":"Order deletion consumer initialized","timestamp":"2025-08-11T13:15:47.990Z"}
{"level":"info","message":"Waiting for order deletion requests","timestamp":"2025-08-11T13:15:47.990Z"}
